This file contains any messages produced by compilers while
running configure, to aid debugging if configure makes a mistake.

It was created by library configure 1.0, which was
generated by GNU Autoconf 2.69.  Invocation command line was

  $ ./configure --build=i686-pc-linux-gnu --prefix=/home/xueqian/opt/cwmp

## --------- ##
## Platform. ##
## --------- ##

hostname = xueqian-VirtualBox
uname -m = i686
uname -r = 3.19.0-25-generic
uname -s = Linux
uname -v = #26~14.04.1-Ubuntu SMP Fri Jul 24 21:18:00 UTC 2015

/usr/bin/uname -p = unknown
/bin/uname -X     = unknown

/bin/arch              = unknown
/usr/bin/arch -k       = unknown
/usr/convex/getsysinfo = unknown
/usr/bin/hostinfo      = unknown
/bin/machine           = unknown
/usr/bin/oslevel       = unknown
/bin/universe          = unknown

PATH: /home/xueqian/ctools/gcc-linaro-arm-linux-gnueabihf-4.9-2014.09_linux/bin
PATH: /usr/local/sbin
PATH: /usr/local/bin
PATH: /usr/sbin
PATH: /usr/bin
PATH: /sbin
PATH: /bin
PATH: /usr/games
PATH: /usr/local/games


## ----------- ##
## Core tests. ##
## ----------- ##

configure:2625: checking for a BSD-compatible install
configure:2693: result: /usr/bin/install -c
configure:2704: checking whether build environment is sane
configure:2754: result: yes
configure:2895: checking for a thread-safe mkdir -p
configure:2934: result: /bin/mkdir -p
configure:2947: checking for gawk
configure:2963: found /usr/bin/gawk
configure:2974: result: gawk
configure:2985: checking whether make sets $(MAKE)
configure:3007: result: yes
configure:3152: checking for g++
configure:3168: found /usr/bin/g++
configure:3179: result: g++
configure:3206: checking for C++ compiler version
configure:3215: g++ --version >&5
g++ (Ubuntu 4.8.4-2ubuntu1~14.04.4) 4.8.4
Copyright (C) 2013 Free Software Foundation, Inc.
This is free software; see the source for copying conditions.  There is NO
warranty; not even for MERCHANTABILITY or FITNESS FOR A PARTICULAR PURPOSE.

configure:3226: $? = 0
configure:3215: g++ -v >&5
Using built-in specs.
COLLECT_GCC=g++
COLLECT_LTO_WRAPPER=/usr/lib/gcc/i686-linux-gnu/4.8/lto-wrapper
Target: i686-linux-gnu
Configured with: ../src/configure -v --with-pkgversion='Ubuntu 4.8.4-2ubuntu1~14.04.4' --with-bugurl=file:///usr/share/doc/gcc-4.8/README.Bugs --enable-languages=c,c++,java,go,d,fortran,objc,obj-c++ --prefix=/usr --program-suffix=-4.8 --enable-shared --enable-linker-build-id --libexecdir=/usr/lib --without-included-gettext --enable-threads=posix --with-gxx-include-dir=/usr/include/c++/4.8 --libdir=/usr/lib --enable-nls --with-sysroot=/ --enable-clocale=gnu --enable-libstdcxx-debug --enable-libstdcxx-time=yes --enable-gnu-unique-object --disable-libmudflap --enable-plugin --with-system-zlib --disable-browser-plugin --enable-java-awt=gtk --enable-gtk-cairo --with-java-home=/usr/lib/jvm/java-1.5.0-gcj-4.8-i386/jre --enable-java-home --with-jvm-root-dir=/usr/lib/jvm/java-1.5.0-gcj-4.8-i386 --with-jvm-jar-dir=/usr/lib/jvm-exports/java-1.5.0-gcj-4.8-i386 --with-arch-directory=i386 --with-ecj-jar=/usr/share/java/eclipse-ecj.jar --enable-objc-gc --enable-targets=all --enable-multiarch --disable-werror --with-arch-32=i686 --with-multilib-list=m32,m64,mx32 --with-tune=generic --enable-checking=release --build=i686-linux-gnu --host=i686-linux-gnu --target=i686-linux-gnu
Thread model: posix
gcc version 4.8.4 (Ubuntu 4.8.4-2ubuntu1~14.04.4) 
configure:3226: $? = 0
configure:3215: g++ -V >&5
g++: error: unrecognized command line option '-V'
g++: fatal error: no input files
compilation terminated.
configure:3226: $? = 4
configure:3215: g++ -qversion >&5
g++: error: unrecognized command line option '-qversion'
g++: fatal error: no input files
compilation terminated.
configure:3226: $? = 4
configure:3246: checking whether the C++ compiler works
configure:3268: g++    conftest.cpp  >&5
configure:3272: $? = 0
configure:3320: result: yes
configure:3323: checking for C++ compiler default output file name
configure:3325: result: a.out
configure:3331: checking for suffix of executables
configure:3338: g++ -o conftest    conftest.cpp  >&5
configure:3342: $? = 0
configure:3364: result: 
configure:3386: checking whether we are cross compiling
configure:3394: g++ -o conftest    conftest.cpp  >&5
configure:3398: $? = 0
configure:3405: ./conftest
configure:3409: $? = 0
configure:3424: result: no
configure:3429: checking for suffix of object files
configure:3451: g++ -c   conftest.cpp >&5
configure:3455: $? = 0
configure:3476: result: o
configure:3480: checking whether we are using the GNU C++ compiler
configure:3499: g++ -c   conftest.cpp >&5
configure:3499: $? = 0
configure:3508: result: yes
configure:3517: checking whether g++ accepts -g
configure:3537: g++ -c -g  conftest.cpp >&5
configure:3537: $? = 0
configure:3578: result: yes
configure:3612: checking for style of include used by make
configure:3640: result: GNU
configure:3666: checking dependency style of g++
configure:3777: result: gcc3
configure:3904: checking for C compiler version
configure:3913: gcc --version >&5
gcc (Ubuntu 4.8.4-2ubuntu1~14.04.4) 4.8.4
Copyright (C) 2013 Free Software Foundation, Inc.
This is free software; see the source for copying conditions.  There is NO
warranty; not even for MERCHANTABILITY or FITNESS FOR A PARTICULAR PURPOSE.

configure:3924: $? = 0
configure:3913: gcc -v >&5
Using built-in specs.
COLLECT_GCC=gcc
COLLECT_LTO_WRAPPER=/usr/lib/gcc/i686-linux-gnu/4.8/lto-wrapper
Target: i686-linux-gnu
Configured with: ../src/configure -v --with-pkgversion='Ubuntu 4.8.4-2ubuntu1~14.04.4' --with-bugurl=file:///usr/share/doc/gcc-4.8/README.Bugs --enable-languages=c,c++,java,go,d,fortran,objc,obj-c++ --prefix=/usr --program-suffix=-4.8 --enable-shared --enable-linker-build-id --libexecdir=/usr/lib --without-included-gettext --enable-threads=posix --with-gxx-include-dir=/usr/include/c++/4.8 --libdir=/usr/lib --enable-nls --with-sysroot=/ --enable-clocale=gnu --enable-libstdcxx-debug --enable-libstdcxx-time=yes --enable-gnu-unique-object --disable-libmudflap --enable-plugin --with-system-zlib --disable-browser-plugin --enable-java-awt=gtk --enable-gtk-cairo --with-java-home=/usr/lib/jvm/java-1.5.0-gcj-4.8-i386/jre --enable-java-home --with-jvm-root-dir=/usr/lib/jvm/java-1.5.0-gcj-4.8-i386 --with-jvm-jar-dir=/usr/lib/jvm-exports/java-1.5.0-gcj-4.8-i386 --with-arch-directory=i386 --with-ecj-jar=/usr/share/java/eclipse-ecj.jar --enable-objc-gc --enable-targets=all --enable-multiarch --disable-werror --with-arch-32=i686 --with-multilib-list=m32,m64,mx32 --with-tune=generic --enable-checking=release --build=i686-linux-gnu --host=i686-linux-gnu --target=i686-linux-gnu
Thread model: posix
gcc version 4.8.4 (Ubuntu 4.8.4-2ubuntu1~14.04.4) 
configure:3924: $? = 0
configure:3913: gcc -V >&5
gcc: error: unrecognized command line option '-V'
gcc: fatal error: no input files
compilation terminated.
configure:3924: $? = 4
configure:3913: gcc -qversion >&5
gcc: error: unrecognized command line option '-qversion'
gcc: fatal error: no input files
compilation terminated.
configure:3924: $? = 4
configure:3928: checking whether we are using the GNU C compiler
configure:3947: gcc -c   conftest.c >&5
configure:3947: $? = 0
configure:3956: result: yes
configure:3965: checking whether gcc accepts -g
configure:3985: gcc -c -g  conftest.c >&5
configure:3985: $? = 0
configure:4026: result: yes
configure:4043: checking for gcc option to accept ISO C89
configure:4106: gcc  -c -g -O2  conftest.c >&5
configure:4106: $? = 0
configure:4119: result: none needed
configure:4141: checking dependency style of gcc
configure:4252: result: gcc3
configure:4267: checking whether make sets $(MAKE)
configure:4289: result: yes
configure:4303: checking how to run the C preprocessor
configure:4373: result: cpp
configure:4393: cpp  conftest.c
configure:4393: $? = 0
configure:4407: cpp  conftest.c
conftest.c:11:28: fatal error: ac_nonexistent.h: No such file or directory
 #include <ac_nonexistent.h>
                            ^
compilation terminated.
configure:4407: $? = 1
configure: failed program was:
| /* confdefs.h */
| #define PACKAGE_NAME "library"
| #define PACKAGE_TARNAME "library"
| #define PACKAGE_VERSION "1.0"
| #define PACKAGE_STRING "library 1.0"
| #define PACKAGE_BUGREPORT "support@itibia.com"
| #define PACKAGE_URL ""
| #define PACKAGE "library"
| #define VERSION "1.0"
| /* end confdefs.h.  */
| #include <ac_nonexistent.h>
configure:4464: checking build system type
configure:4478: result: i686-pc-linux-gnu
configure:4498: checking host system type
configure:4511: result: i686-pc-linux-gnu
configure:4552: checking how to print strings
configure:4579: result: printf
configure:4600: checking for a sed that does not truncate output
configure:4664: result: /bin/sed
configure:4682: checking for grep that handles long lines and -e
configure:4740: result: /bin/grep
configure:4745: checking for egrep
configure:4807: result: /bin/grep -E
configure:4812: checking for fgrep
configure:4874: result: /bin/grep -F
configure:4909: checking for ld used by gcc
configure:4976: result: ld
configure:4983: checking if the linker (ld) is GNU ld
configure:4998: result: yes
configure:5010: checking for BSD- or MS-compatible name lister (nm)
configure:5059: result: /usr/bin/nm -B
configure:5189: checking the name lister (/usr/bin/nm -B) interface
configure:5196: gcc -c -g -O2  conftest.c >&5
configure:5199: /usr/bin/nm -B "conftest.o"
configure:5202: output
00000000 B some_variable
configure:5209: result: BSD nm
configure:5212: checking whether ln -s works
configure:5219: result: no, using cp -pR
configure:5224: checking the maximum length of command line arguments
configure:5354: result: 1572864
configure:5371: checking whether the shell understands some XSI constructs
configure:5381: result: yes
configure:5385: checking whether the shell understands "+="
configure:5391: result: yes
configure:5426: checking how to convert i686-pc-linux-gnu file names to i686-pc-linux-gnu format
configure:5466: result: func_convert_file_noop
configure:5473: checking how to convert i686-pc-linux-gnu file names to toolchain format
configure:5493: result: func_convert_file_noop
configure:5500: checking for ld option to reload object files
configure:5507: result: -r
configure:5581: checking for objdump
configure:5597: found /usr/bin/objdump
configure:5608: result: objdump
configure:5640: checking how to recognize dependent libraries
configure:5842: result: pass_all
configure:5927: checking for dlltool
configure:5957: result: no
configure:5987: checking how to associate runtime and link libraries
configure:6014: result: printf %s\n
configure:6139: checking for archiver @FILE support
configure:6156: gcc -c -g -O2  conftest.c >&5
configure:6156: $? = 0
configure:6159: ar cru libconftest.a @conftest.lst >&5
configure:6162: $? = 0
configure:6167: ar cru libconftest.a @conftest.lst >&5
ar: conftest.o: No such file or directory
configure:6170: $? = 1
configure:6182: result: @
configure:6240: checking for strip
configure:6267: result: strip
configure:6339: checking for ranlib
configure:6366: result: ranlib
configure:6468: checking command to parse /usr/bin/nm -B output from gcc object
configure:6588: gcc -c -g -O2  conftest.c >&5
configure:6591: $? = 0
configure:6595: /usr/bin/nm -B conftest.o \| sed -n -e 's/^.*[ ]\([ABCDGIRSTW][ABCDGIRSTW]*\)[ ][ ]*\([_A-Za-z][_A-Za-z0-9]*\)$/\1 \2 \2/p' | sed '/ __gnu_lto/d' \> conftest.nm
configure:6598: $? = 0
configure:6664: gcc -o conftest -g -O2   conftest.c conftstm.o >&5
configure:6667: $? = 0
configure:6705: result: ok
configure:6742: checking for sysroot
configure:6772: result: no
configure:7028: checking for mt
configure:7044: found /bin/mt
configure:7055: result: mt
configure:7078: checking if mt is a manifest tool
configure:7084: mt '-?'
configure:7092: result: no
configure:7730: checking for ANSI C header files
configure:7750: gcc -c -g -O2  conftest.c >&5
configure:7750: $? = 0
configure:7823: gcc -o conftest -g -O2   conftest.c  >&5
configure:7823: $? = 0
configure:7823: ./conftest
configure:7823: $? = 0
configure:7834: result: yes
configure:7847: checking for sys/types.h
configure:7847: gcc -c -g -O2  conftest.c >&5
configure:7847: $? = 0
configure:7847: result: yes
configure:7847: checking for sys/stat.h
configure:7847: gcc -c -g -O2  conftest.c >&5
configure:7847: $? = 0
configure:7847: result: yes
configure:7847: checking for stdlib.h
configure:7847: gcc -c -g -O2  conftest.c >&5
configure:7847: $? = 0
configure:7847: result: yes
configure:7847: checking for string.h
configure:7847: gcc -c -g -O2  conftest.c >&5
configure:7847: $? = 0
configure:7847: result: yes
configure:7847: checking for memory.h
configure:7847: gcc -c -g -O2  conftest.c >&5
configure:7847: $? = 0
configure:7847: result: yes
configure:7847: checking for strings.h
configure:7847: gcc -c -g -O2  conftest.c >&5
configure:7847: $? = 0
configure:7847: result: yes
configure:7847: checking for inttypes.h
configure:7847: gcc -c -g -O2  conftest.c >&5
configure:7847: $? = 0
configure:7847: result: yes
configure:7847: checking for stdint.h
configure:7847: gcc -c -g -O2  conftest.c >&5
configure:7847: $? = 0
configure:7847: result: yes
configure:7847: checking for unistd.h
configure:7847: gcc -c -g -O2  conftest.c >&5
configure:7847: $? = 0
configure:7847: result: yes
configure:7861: checking for dlfcn.h
configure:7861: gcc -c -g -O2  conftest.c >&5
configure:7861: $? = 0
configure:7861: result: yes
configure:8078: checking for objdir
configure:8093: result: .libs
configure:8360: checking if gcc supports -fno-rtti -fno-exceptions
configure:8378: gcc -c -g -O2  -fno-rtti -fno-exceptions conftest.c >&5
cc1: warning: command line option '-fno-rtti' is valid for C++/ObjC++ but not for C [enabled by default]
configure:8382: $? = 0
configure:8395: result: no
configure:8722: checking for gcc option to produce PIC
configure:8729: result: -fPIC -DPIC
configure:8737: checking if gcc PIC flag -fPIC -DPIC works
configure:8755: gcc -c -g -O2  -fPIC -DPIC -DPIC conftest.c >&5
configure:8759: $? = 0
configure:8772: result: yes
configure:8801: checking if gcc static flag -static works
configure:8829: result: yes
configure:8844: checking if gcc supports -c -o file.o
configure:8865: gcc -c -g -O2  -o out/conftest2.o conftest.c >&5
configure:8869: $? = 0
configure:8891: result: yes
configure:8899: checking if gcc supports -c -o file.o
configure:8946: result: yes
configure:8979: checking whether the gcc linker (ld) supports shared libraries
configure:10136: result: yes
configure:10173: checking whether -lc should be explicitly linked in
configure:10181: gcc -c -g -O2  conftest.c >&5
configure:10184: $? = 0
configure:10199: gcc -shared  -fPIC -DPIC conftest.o  -v -Wl,-soname -Wl,conftest -o conftest 2\>\&1 \| /bin/grep  -lc  \>/dev/null 2\>\&1
configure:10202: $? = 0
configure:10216: result: no
configure:10376: checking dynamic linker characteristics
configure:10887: gcc -o conftest -g -O2   -Wl,-rpath -Wl,/foo conftest.c  >&5
configure:10887: $? = 0
configure:11121: result: GNU/Linux ld.so
configure:11228: checking how to hardcode library paths into programs
configure:11253: result: immediate
configure:11793: checking whether stripping libraries is possible
configure:11798: result: yes
configure:11833: checking if libtool supports shared libraries
configure:11835: result: yes
configure:11838: checking whether to build shared libraries
configure:11859: result: yes
configure:11862: checking whether to build static libraries
configure:11866: result: yes
configure:11889: checking how to run the C++ preprocessor
configure:11916: g++ -E  conftest.cpp
configure:11916: $? = 0
configure:11930: g++ -E  conftest.cpp
conftest.cpp:23:28: fatal error: ac_nonexistent.h: No such file or directory
 #include <ac_nonexistent.h>
                            ^
compilation terminated.
configure:11930: $? = 1
configure: failed program was:
| /* confdefs.h */
| #define PACKAGE_NAME "library"
| #define PACKAGE_TARNAME "library"
| #define PACKAGE_VERSION "1.0"
| #define PACKAGE_STRING "library 1.0"
| #define PACKAGE_BUGREPORT "support@itibia.com"
| #define PACKAGE_URL ""
| #define PACKAGE "library"
| #define VERSION "1.0"
| #define STDC_HEADERS 1
| #define HAVE_SYS_TYPES_H 1
| #define HAVE_SYS_STAT_H 1
| #define HAVE_STDLIB_H 1
| #define HAVE_STRING_H 1
| #define HAVE_MEMORY_H 1
| #define HAVE_STRINGS_H 1
| #define HAVE_INTTYPES_H 1
| #define HAVE_STDINT_H 1
| #define HAVE_UNISTD_H 1
| #define HAVE_DLFCN_H 1
| #define LT_OBJDIR ".libs/"
| /* end confdefs.h.  */
| #include <ac_nonexistent.h>
configure:11955: result: g++ -E
configure:11975: g++ -E  conftest.cpp
configure:11975: $? = 0
configure:11989: g++ -E  conftest.cpp
conftest.cpp:23:28: fatal error: ac_nonexistent.h: No such file or directory
 #include <ac_nonexistent.h>
                            ^
compilation terminated.
configure:11989: $? = 1
configure: failed program was:
| /* confdefs.h */
| #define PACKAGE_NAME "library"
| #define PACKAGE_TARNAME "library"
| #define PACKAGE_VERSION "1.0"
| #define PACKAGE_STRING "library 1.0"
| #define PACKAGE_BUGREPORT "support@itibia.com"
| #define PACKAGE_URL ""
| #define PACKAGE "library"
| #define VERSION "1.0"
| #define STDC_HEADERS 1
| #define HAVE_SYS_TYPES_H 1
| #define HAVE_SYS_STAT_H 1
| #define HAVE_STDLIB_H 1
| #define HAVE_STRING_H 1
| #define HAVE_MEMORY_H 1
| #define HAVE_STRINGS_H 1
| #define HAVE_INTTYPES_H 1
| #define HAVE_STDINT_H 1
| #define HAVE_UNISTD_H 1
| #define HAVE_DLFCN_H 1
| #define LT_OBJDIR ".libs/"
| /* end confdefs.h.  */
| #include <ac_nonexistent.h>
configure:12158: checking for ld used by g++
configure:12225: result: ld
configure:12232: checking if the linker (ld) is GNU ld
configure:12247: result: yes
configure:12302: checking whether the g++ linker (ld) supports shared libraries
configure:13307: result: yes
configure:13343: g++ -c -g -O2  conftest.cpp >&5
configure:13346: $? = 0
configure:13866: checking for g++ option to produce PIC
configure:13873: result: -fPIC -DPIC
configure:13881: checking if g++ PIC flag -fPIC -DPIC works
configure:13899: g++ -c -g -O2  -fPIC -DPIC -DPIC conftest.cpp >&5
configure:13903: $? = 0
configure:13916: result: yes
configure:13939: checking if g++ static flag -static works
configure:13967: result: yes
configure:13979: checking if g++ supports -c -o file.o
configure:14000: g++ -c -g -O2  -o out/conftest2.o conftest.cpp >&5
configure:14004: $? = 0
configure:14026: result: yes
configure:14031: checking if g++ supports -c -o file.o
configure:14078: result: yes
configure:14108: checking whether the g++ linker (ld) supports shared libraries
configure:14147: result: yes
configure:14288: checking dynamic linker characteristics
configure:14967: result: GNU/Linux ld.so
configure:15020: checking how to hardcode library paths into programs
configure:15045: result: immediate
configure:15149: checking for ranlib
configure:15176: result: ranlib
configure:15206: checking for dirent.h that defines DIR
configure:15225: gcc -c -g -O2  conftest.c >&5
configure:15225: $? = 0
configure:15233: result: yes
configure:15246: checking for library containing opendir
configure:15277: gcc -o conftest -g -O2   conftest.c  >&5
configure:15277: $? = 0
configure:15294: result: none required
configure:15361: checking for ANSI C header files
configure:15465: result: yes
configure:15473: checking for sys/wait.h that is POSIX.1 compatible
configure:15499: gcc -c -g -O2  conftest.c >&5
configure:15499: $? = 0
configure:15506: result: yes
configure:15517: checking arpa/inet.h usability
configure:15517: gcc -c -g -O2  conftest.c >&5
configure:15517: $? = 0
configure:15517: result: yes
configure:15517: checking arpa/inet.h presence
configure:15517: cpp  conftest.c
configure:15517: $? = 0
configure:15517: result: yes
configure:15517: checking for arpa/inet.h
configure:15517: result: yes
configure:15517: checking fcntl.h usability
configure:15517: gcc -c -g -O2  conftest.c >&5
configure:15517: $? = 0
configure:15517: result: yes
configure:15517: checking fcntl.h presence
configure:15517: cpp  conftest.c
configure:15517: $? = 0
configure:15517: result: yes
configure:15517: checking for fcntl.h
configure:15517: result: yes
configure:15517: checking for inttypes.h
configure:15517: result: yes
configure:15517: checking malloc.h usability
configure:15517: gcc -c -g -O2  conftest.c >&5
configure:15517: $? = 0
configure:15517: result: yes
configure:15517: checking malloc.h presence
configure:15517: cpp  conftest.c
configure:15517: $? = 0
configure:15517: result: yes
configure:15517: checking for malloc.h
configure:15517: result: yes
configure:15517: checking netdb.h usability
configure:15517: gcc -c -g -O2  conftest.c >&5
configure:15517: $? = 0
configure:15517: result: yes
configure:15517: checking netdb.h presence
configure:15517: cpp  conftest.c
configure:15517: $? = 0
configure:15517: result: yes
configure:15517: checking for netdb.h
configure:15517: result: yes
configure:15517: checking netinet/in.h usability
configure:15517: gcc -c -g -O2  conftest.c >&5
configure:15517: $? = 0
configure:15517: result: yes
configure:15517: checking netinet/in.h presence
configure:15517: cpp  conftest.c
configure:15517: $? = 0
configure:15517: result: yes
configure:15517: checking for netinet/in.h
configure:15517: result: yes
configure:15517: checking for stdint.h
configure:15517: result: yes
configure:15517: checking for stdlib.h
configure:15517: result: yes
configure:15517: checking for string.h
configure:15517: result: yes
configure:15517: checking for strings.h
configure:15517: result: yes
configure:15517: checking sys/ioctl.h usability
configure:15517: gcc -c -g -O2  conftest.c >&5
configure:15517: $? = 0
configure:15517: result: yes
configure:15517: checking sys/ioctl.h presence
configure:15517: cpp  conftest.c
configure:15517: $? = 0
configure:15517: result: yes
configure:15517: checking for sys/ioctl.h
configure:15517: result: yes
configure:15517: checking sys/socket.h usability
configure:15517: gcc -c -g -O2  conftest.c >&5
configure:15517: $? = 0
configure:15517: result: yes
configure:15517: checking sys/socket.h presence
configure:15517: cpp  conftest.c
configure:15517: $? = 0
configure:15517: result: yes
configure:15517: checking for sys/socket.h
configure:15517: result: yes
configure:15517: checking sys/time.h usability
configure:15517: gcc -c -g -O2  conftest.c >&5
configure:15517: $? = 0
configure:15517: result: yes
configure:15517: checking sys/time.h presence
configure:15517: cpp  conftest.c
configure:15517: $? = 0
configure:15517: result: yes
configure:15517: checking for sys/time.h
configure:15517: result: yes
configure:15517: checking syslog.h usability
configure:15517: gcc -c -g -O2  conftest.c >&5
configure:15517: $? = 0
configure:15517: result: yes
configure:15517: checking syslog.h presence
configure:15517: cpp  conftest.c
configure:15517: $? = 0
configure:15517: result: yes
configure:15517: checking for syslog.h
configure:15517: result: yes
configure:15517: checking for unistd.h
configure:15517: result: yes
configure:15530: checking for stdbool.h that conforms to C99
configure:15597: gcc -c -g -O2  conftest.c >&5
configure:15597: $? = 0
configure:15604: result: yes
configure:15606: checking for _Bool
configure:15606: gcc -c -g -O2  conftest.c >&5
configure:15606: $? = 0
configure:15606: gcc -c -g -O2  conftest.c >&5
conftest.c: In function 'main':
conftest.c:77:20: error: expected expression before ')' token
 if (sizeof ((_Bool)))
                    ^
configure:15606: $? = 1
configure: failed program was:
| /* confdefs.h */
| #define PACKAGE_NAME "library"
| #define PACKAGE_TARNAME "library"
| #define PACKAGE_VERSION "1.0"
| #define PACKAGE_STRING "library 1.0"
| #define PACKAGE_BUGREPORT "support@itibia.com"
| #define PACKAGE_URL ""
| #define PACKAGE "library"
| #define VERSION "1.0"
| #define STDC_HEADERS 1
| #define HAVE_SYS_TYPES_H 1
| #define HAVE_SYS_STAT_H 1
| #define HAVE_STDLIB_H 1
| #define HAVE_STRING_H 1
| #define HAVE_MEMORY_H 1
| #define HAVE_STRINGS_H 1
| #define HAVE_INTTYPES_H 1
| #define HAVE_STDINT_H 1
| #define HAVE_UNISTD_H 1
| #define HAVE_DLFCN_H 1
| #define LT_OBJDIR ".libs/"
| #define HAVE_DIRENT_H 1
| #define STDC_HEADERS 1
| #define HAVE_SYS_WAIT_H 1
| #define HAVE_ARPA_INET_H 1
| #define HAVE_FCNTL_H 1
| #define HAVE_INTTYPES_H 1
| #define HAVE_MALLOC_H 1
| #define HAVE_NETDB_H 1
| #define HAVE_NETINET_IN_H 1
| #define HAVE_STDINT_H 1
| #define HAVE_STDLIB_H 1
| #define HAVE_STRING_H 1
| #define HAVE_STRINGS_H 1
| #define HAVE_SYS_IOCTL_H 1
| #define HAVE_SYS_SOCKET_H 1
| #define HAVE_SYS_TIME_H 1
| #define HAVE_SYSLOG_H 1
| #define HAVE_UNISTD_H 1
| /* end confdefs.h.  */
| #include <stdio.h>
| #ifdef HAVE_SYS_TYPES_H
| # include <sys/types.h>
| #endif
| #ifdef HAVE_SYS_STAT_H
| # include <sys/stat.h>
| #endif
| #ifdef STDC_HEADERS
| # include <stdlib.h>
| # include <stddef.h>
| #else
| # ifdef HAVE_STDLIB_H
| #  include <stdlib.h>
| # endif
| #endif
| #ifdef HAVE_STRING_H
| # if !defined STDC_HEADERS && defined HAVE_MEMORY_H
| #  include <memory.h>
| # endif
| # include <string.h>
| #endif
| #ifdef HAVE_STRINGS_H
| # include <strings.h>
| #endif
| #ifdef HAVE_INTTYPES_H
| # include <inttypes.h>
| #endif
| #ifdef HAVE_STDINT_H
| # include <stdint.h>
| #endif
| #ifdef HAVE_UNISTD_H
| # include <unistd.h>
| #endif
| int
| main ()
| {
| if (sizeof ((_Bool)))
| 	    return 0;
|   ;
|   return 0;
| }
configure:15606: result: yes
configure:15623: checking for an ANSI C-conforming const
configure:15689: gcc -c -g -O2  conftest.c >&5
configure:15689: $? = 0
configure:15696: result: yes
configure:15704: checking for uid_t in sys/types.h
configure:15723: result: yes
configure:15734: checking for inline
configure:15750: gcc -c -g -O2  conftest.c >&5
configure:15750: $? = 0
configure:15758: result: inline
configure:15776: checking for pid_t
configure:15776: gcc -c -g -O2  conftest.c >&5
configure:15776: $? = 0
configure:15776: gcc -c -g -O2  conftest.c >&5
conftest.c: In function 'main':
conftest.c:79:20: error: expected expression before ')' token
 if (sizeof ((pid_t)))
                    ^
configure:15776: $? = 1
configure: failed program was:
| /* confdefs.h */
| #define PACKAGE_NAME "library"
| #define PACKAGE_TARNAME "library"
| #define PACKAGE_VERSION "1.0"
| #define PACKAGE_STRING "library 1.0"
| #define PACKAGE_BUGREPORT "support@itibia.com"
| #define PACKAGE_URL ""
| #define PACKAGE "library"
| #define VERSION "1.0"
| #define STDC_HEADERS 1
| #define HAVE_SYS_TYPES_H 1
| #define HAVE_SYS_STAT_H 1
| #define HAVE_STDLIB_H 1
| #define HAVE_STRING_H 1
| #define HAVE_MEMORY_H 1
| #define HAVE_STRINGS_H 1
| #define HAVE_INTTYPES_H 1
| #define HAVE_STDINT_H 1
| #define HAVE_UNISTD_H 1
| #define HAVE_DLFCN_H 1
| #define LT_OBJDIR ".libs/"
| #define HAVE_DIRENT_H 1
| #define STDC_HEADERS 1
| #define HAVE_SYS_WAIT_H 1
| #define HAVE_ARPA_INET_H 1
| #define HAVE_FCNTL_H 1
| #define HAVE_INTTYPES_H 1
| #define HAVE_MALLOC_H 1
| #define HAVE_NETDB_H 1
| #define HAVE_NETINET_IN_H 1
| #define HAVE_STDINT_H 1
| #define HAVE_STDLIB_H 1
| #define HAVE_STRING_H 1
| #define HAVE_STRINGS_H 1
| #define HAVE_SYS_IOCTL_H 1
| #define HAVE_SYS_SOCKET_H 1
| #define HAVE_SYS_TIME_H 1
| #define HAVE_SYSLOG_H 1
| #define HAVE_UNISTD_H 1
| #define HAVE__BOOL 1
| #define HAVE_STDBOOL_H 1
| /* end confdefs.h.  */
| #include <stdio.h>
| #ifdef HAVE_SYS_TYPES_H
| # include <sys/types.h>
| #endif
| #ifdef HAVE_SYS_STAT_H
| # include <sys/stat.h>
| #endif
| #ifdef STDC_HEADERS
| # include <stdlib.h>
| # include <stddef.h>
| #else
| # ifdef HAVE_STDLIB_H
| #  include <stdlib.h>
| # endif
| #endif
| #ifdef HAVE_STRING_H
| # if !defined STDC_HEADERS && defined HAVE_MEMORY_H
| #  include <memory.h>
| # endif
| # include <string.h>
| #endif
| #ifdef HAVE_STRINGS_H
| # include <strings.h>
| #endif
| #ifdef HAVE_INTTYPES_H
| # include <inttypes.h>
| #endif
| #ifdef HAVE_STDINT_H
| # include <stdint.h>
| #endif
| #ifdef HAVE_UNISTD_H
| # include <unistd.h>
| #endif
| int
| main ()
| {
| if (sizeof ((pid_t)))
| 	    return 0;
|   ;
|   return 0;
| }
configure:15776: result: yes
configure:15787: checking for size_t
configure:15787: gcc -c -g -O2  conftest.c >&5
configure:15787: $? = 0
configure:15787: gcc -c -g -O2  conftest.c >&5
conftest.c: In function 'main':
conftest.c:79:21: error: expected expression before ')' token
 if (sizeof ((size_t)))
                     ^
configure:15787: $? = 1
configure: failed program was:
| /* confdefs.h */
| #define PACKAGE_NAME "library"
| #define PACKAGE_TARNAME "library"
| #define PACKAGE_VERSION "1.0"
| #define PACKAGE_STRING "library 1.0"
| #define PACKAGE_BUGREPORT "support@itibia.com"
| #define PACKAGE_URL ""
| #define PACKAGE "library"
| #define VERSION "1.0"
| #define STDC_HEADERS 1
| #define HAVE_SYS_TYPES_H 1
| #define HAVE_SYS_STAT_H 1
| #define HAVE_STDLIB_H 1
| #define HAVE_STRING_H 1
| #define HAVE_MEMORY_H 1
| #define HAVE_STRINGS_H 1
| #define HAVE_INTTYPES_H 1
| #define HAVE_STDINT_H 1
| #define HAVE_UNISTD_H 1
| #define HAVE_DLFCN_H 1
| #define LT_OBJDIR ".libs/"
| #define HAVE_DIRENT_H 1
| #define STDC_HEADERS 1
| #define HAVE_SYS_WAIT_H 1
| #define HAVE_ARPA_INET_H 1
| #define HAVE_FCNTL_H 1
| #define HAVE_INTTYPES_H 1
| #define HAVE_MALLOC_H 1
| #define HAVE_NETDB_H 1
| #define HAVE_NETINET_IN_H 1
| #define HAVE_STDINT_H 1
| #define HAVE_STDLIB_H 1
| #define HAVE_STRING_H 1
| #define HAVE_STRINGS_H 1
| #define HAVE_SYS_IOCTL_H 1
| #define HAVE_SYS_SOCKET_H 1
| #define HAVE_SYS_TIME_H 1
| #define HAVE_SYSLOG_H 1
| #define HAVE_UNISTD_H 1
| #define HAVE__BOOL 1
| #define HAVE_STDBOOL_H 1
| /* end confdefs.h.  */
| #include <stdio.h>
| #ifdef HAVE_SYS_TYPES_H
| # include <sys/types.h>
| #endif
| #ifdef HAVE_SYS_STAT_H
| # include <sys/stat.h>
| #endif
| #ifdef STDC_HEADERS
| # include <stdlib.h>
| # include <stddef.h>
| #else
| # ifdef HAVE_STDLIB_H
| #  include <stdlib.h>
| # endif
| #endif
| #ifdef HAVE_STRING_H
| # if !defined STDC_HEADERS && defined HAVE_MEMORY_H
| #  include <memory.h>
| # endif
| # include <string.h>
| #endif
| #ifdef HAVE_STRINGS_H
| # include <strings.h>
| #endif
| #ifdef HAVE_INTTYPES_H
| # include <inttypes.h>
| #endif
| #ifdef HAVE_STDINT_H
| # include <stdint.h>
| #endif
| #ifdef HAVE_UNISTD_H
| # include <unistd.h>
| #endif
| int
| main ()
| {
| if (sizeof ((size_t)))
| 	    return 0;
|   ;
|   return 0;
| }
configure:15787: result: yes
configure:15798: checking whether struct tm is in sys/time.h or time.h
configure:15818: gcc -c -g -O2  conftest.c >&5
configure:15818: $? = 0
configure:15825: result: time.h
configure:15837: checking for working alloca.h
configure:15854: gcc -o conftest -g -O2   conftest.c  >&5
configure:15854: $? = 0
configure:15862: result: yes
configure:15870: checking for alloca
configure:15907: gcc -o conftest -g -O2   conftest.c  >&5
configure:15907: $? = 0
configure:15915: result: yes
configure:16023: checking for unistd.h
configure:16023: result: yes
configure:16033: checking for working chown
configure:16066: gcc -o conftest -g -O2   conftest.c  >&5
configure:16066: $? = 0
configure:16066: ./conftest
configure:16066: $? = 0
configure:16078: result: yes
configure:16086: checking whether closedir returns void
configure:16110: gcc -o conftest -g -O2   conftest.c  >&5
configure:16110: $? = 0
configure:16110: ./conftest
configure:16110: $? = 0
configure:16120: result: no
configure:16130: checking vfork.h usability
configure:16130: gcc -c -g -O2  conftest.c >&5
conftest.c:80:19: fatal error: vfork.h: No such file or directory
 #include <vfork.h>
                   ^
compilation terminated.
configure:16130: $? = 1
configure: failed program was:
| /* confdefs.h */
| #define PACKAGE_NAME "library"
| #define PACKAGE_TARNAME "library"
| #define PACKAGE_VERSION "1.0"
| #define PACKAGE_STRING "library 1.0"
| #define PACKAGE_BUGREPORT "support@itibia.com"
| #define PACKAGE_URL ""
| #define PACKAGE "library"
| #define VERSION "1.0"
| #define STDC_HEADERS 1
| #define HAVE_SYS_TYPES_H 1
| #define HAVE_SYS_STAT_H 1
| #define HAVE_STDLIB_H 1
| #define HAVE_STRING_H 1
| #define HAVE_MEMORY_H 1
| #define HAVE_STRINGS_H 1
| #define HAVE_INTTYPES_H 1
| #define HAVE_STDINT_H 1
| #define HAVE_UNISTD_H 1
| #define HAVE_DLFCN_H 1
| #define LT_OBJDIR ".libs/"
| #define HAVE_DIRENT_H 1
| #define STDC_HEADERS 1
| #define HAVE_SYS_WAIT_H 1
| #define HAVE_ARPA_INET_H 1
| #define HAVE_FCNTL_H 1
| #define HAVE_INTTYPES_H 1
| #define HAVE_MALLOC_H 1
| #define HAVE_NETDB_H 1
| #define HAVE_NETINET_IN_H 1
| #define HAVE_STDINT_H 1
| #define HAVE_STDLIB_H 1
| #define HAVE_STRING_H 1
| #define HAVE_STRINGS_H 1
| #define HAVE_SYS_IOCTL_H 1
| #define HAVE_SYS_SOCKET_H 1
| #define HAVE_SYS_TIME_H 1
| #define HAVE_SYSLOG_H 1
| #define HAVE_UNISTD_H 1
| #define HAVE__BOOL 1
| #define HAVE_STDBOOL_H 1
| #define HAVE_ALLOCA_H 1
| #define HAVE_ALLOCA 1
| #define HAVE_UNISTD_H 1
| #define HAVE_CHOWN 1
| /* end confdefs.h.  */
| #include <stdio.h>
| #ifdef HAVE_SYS_TYPES_H
| # include <sys/types.h>
| #endif
| #ifdef HAVE_SYS_STAT_H
| # include <sys/stat.h>
| #endif
| #ifdef STDC_HEADERS
| # include <stdlib.h>
| # include <stddef.h>
| #else
| # ifdef HAVE_STDLIB_H
| #  include <stdlib.h>
| # endif
| #endif
| #ifdef HAVE_STRING_H
| # if !defined STDC_HEADERS && defined HAVE_MEMORY_H
| #  include <memory.h>
| # endif
| # include <string.h>
| #endif
| #ifdef HAVE_STRINGS_H
| # include <strings.h>
| #endif
| #ifdef HAVE_INTTYPES_H
| # include <inttypes.h>
| #endif
| #ifdef HAVE_STDINT_H
| # include <stdint.h>
| #endif
| #ifdef HAVE_UNISTD_H
| # include <unistd.h>
| #endif
| #include <vfork.h>
configure:16130: result: no
configure:16130: checking vfork.h presence
configure:16130: cpp  conftest.c
conftest.c:47:19: fatal error: vfork.h: No such file or directory
 #include <vfork.h>
                   ^
compilation terminated.
configure:16130: $? = 1
configure: failed program was:
| /* confdefs.h */
| #define PACKAGE_NAME "library"
| #define PACKAGE_TARNAME "library"
| #define PACKAGE_VERSION "1.0"
| #define PACKAGE_STRING "library 1.0"
| #define PACKAGE_BUGREPORT "support@itibia.com"
| #define PACKAGE_URL ""
| #define PACKAGE "library"
| #define VERSION "1.0"
| #define STDC_HEADERS 1
| #define HAVE_SYS_TYPES_H 1
| #define HAVE_SYS_STAT_H 1
| #define HAVE_STDLIB_H 1
| #define HAVE_STRING_H 1
| #define HAVE_MEMORY_H 1
| #define HAVE_STRINGS_H 1
| #define HAVE_INTTYPES_H 1
| #define HAVE_STDINT_H 1
| #define HAVE_UNISTD_H 1
| #define HAVE_DLFCN_H 1
| #define LT_OBJDIR ".libs/"
| #define HAVE_DIRENT_H 1
| #define STDC_HEADERS 1
| #define HAVE_SYS_WAIT_H 1
| #define HAVE_ARPA_INET_H 1
| #define HAVE_FCNTL_H 1
| #define HAVE_INTTYPES_H 1
| #define HAVE_MALLOC_H 1
| #define HAVE_NETDB_H 1
| #define HAVE_NETINET_IN_H 1
| #define HAVE_STDINT_H 1
| #define HAVE_STDLIB_H 1
| #define HAVE_STRING_H 1
| #define HAVE_STRINGS_H 1
| #define HAVE_SYS_IOCTL_H 1
| #define HAVE_SYS_SOCKET_H 1
| #define HAVE_SYS_TIME_H 1
| #define HAVE_SYSLOG_H 1
| #define HAVE_UNISTD_H 1
| #define HAVE__BOOL 1
| #define HAVE_STDBOOL_H 1
| #define HAVE_ALLOCA_H 1
| #define HAVE_ALLOCA 1
| #define HAVE_UNISTD_H 1
| #define HAVE_CHOWN 1
| /* end confdefs.h.  */
| #include <vfork.h>
configure:16130: result: no
configure:16130: checking for vfork.h
configure:16130: result: no
configure:16143: checking for fork
configure:16143: gcc -o conftest -g -O2   conftest.c  >&5
conftest.c:70:6: warning: conflicting types for built-in function 'fork' [enabled by default]
 char fork ();
      ^
configure:16143: $? = 0
configure:16143: result: yes
configure:16143: checking for vfork
configure:16143: gcc -o conftest -g -O2   conftest.c  >&5
configure:16143: $? = 0
configure:16143: result: yes
configure:16153: checking for working fork
configure:16175: gcc -o conftest -g -O2   conftest.c  >&5
configure:16175: $? = 0
configure:16175: ./conftest
configure:16175: $? = 0
configure:16185: result: yes
configure:16206: checking for working vfork
configure:16316: result: yes
configure:16342: checking whether gcc needs -traditional
configure:16376: result: no
configure:16390: checking sys/select.h usability
configure:16390: gcc -c -g -O2  conftest.c >&5
configure:16390: $? = 0
configure:16390: result: yes
configure:16390: checking sys/select.h presence
configure:16390: cpp  conftest.c
configure:16390: $? = 0
configure:16390: result: yes
configure:16390: checking for sys/select.h
configure:16390: result: yes
configure:16390: checking for sys/socket.h
configure:16390: result: yes
configure:16400: checking types of arguments for select
configure:16428: gcc -c -g -O2  conftest.c >&5
configure:16428: $? = 0
configure:16439: result: int,fd_set *,struct timeval *
configure:16462: checking return type of signal handlers
configure:16480: gcc -c -g -O2  conftest.c >&5
conftest.c: In function 'main':
conftest.c:62:1: error: void value not ignored as it ought to be
 return *(signal (0, 0)) (0) == 1;
 ^
configure:16480: $? = 1
configure: failed program was:
| /* confdefs.h */
| #define PACKAGE_NAME "library"
| #define PACKAGE_TARNAME "library"
| #define PACKAGE_VERSION "1.0"
| #define PACKAGE_STRING "library 1.0"
| #define PACKAGE_BUGREPORT "support@itibia.com"
| #define PACKAGE_URL ""
| #define PACKAGE "library"
| #define VERSION "1.0"
| #define STDC_HEADERS 1
| #define HAVE_SYS_TYPES_H 1
| #define HAVE_SYS_STAT_H 1
| #define HAVE_STDLIB_H 1
| #define HAVE_STRING_H 1
| #define HAVE_MEMORY_H 1
| #define HAVE_STRINGS_H 1
| #define HAVE_INTTYPES_H 1
| #define HAVE_STDINT_H 1
| #define HAVE_UNISTD_H 1
| #define HAVE_DLFCN_H 1
| #define LT_OBJDIR ".libs/"
| #define HAVE_DIRENT_H 1
| #define STDC_HEADERS 1
| #define HAVE_SYS_WAIT_H 1
| #define HAVE_ARPA_INET_H 1
| #define HAVE_FCNTL_H 1
| #define HAVE_INTTYPES_H 1
| #define HAVE_MALLOC_H 1
| #define HAVE_NETDB_H 1
| #define HAVE_NETINET_IN_H 1
| #define HAVE_STDINT_H 1
| #define HAVE_STDLIB_H 1
| #define HAVE_STRING_H 1
| #define HAVE_STRINGS_H 1
| #define HAVE_SYS_IOCTL_H 1
| #define HAVE_SYS_SOCKET_H 1
| #define HAVE_SYS_TIME_H 1
| #define HAVE_SYSLOG_H 1
| #define HAVE_UNISTD_H 1
| #define HAVE__BOOL 1
| #define HAVE_STDBOOL_H 1
| #define HAVE_ALLOCA_H 1
| #define HAVE_ALLOCA 1
| #define HAVE_UNISTD_H 1
| #define HAVE_CHOWN 1
| #define HAVE_FORK 1
| #define HAVE_VFORK 1
| #define HAVE_WORKING_VFORK 1
| #define HAVE_WORKING_FORK 1
| #define HAVE_SYS_SELECT_H 1
| #define HAVE_SYS_SOCKET_H 1
| #define SELECT_TYPE_ARG1 int
| #define SELECT_TYPE_ARG234 (fd_set *)
| #define SELECT_TYPE_ARG5 (struct timeval *)
| /* end confdefs.h.  */
| #include <sys/types.h>
| #include <signal.h>
| 
| int
| main ()
| {
| return *(signal (0, 0)) (0) == 1;
|   ;
|   return 0;
| }
configure:16487: result: void
configure:16495: checking whether lstat correctly handles trailing slash
configure:16538: result: no
configure:16557: checking whether stat accepts an empty string
configure:16577: gcc -o conftest -g -O2   conftest.c  >&5
configure:16577: $? = 0
configure:16577: ./conftest
configure:16577: $? = 0
configure:16587: result: no
configure:16605: checking for strftime
configure:16605: gcc -o conftest -g -O2   conftest.c  >&5
conftest.c:80:6: warning: conflicting types for built-in function 'strftime' [enabled by default]
 char strftime ();
      ^
configure:16605: $? = 0
configure:16605: result: yes
configure:16659: checking whether byte ordering is bigendian
configure:16674: gcc -c -g -O2  conftest.c >&5
conftest.c:59:9: error: unknown type name 'not'
         not a universal capable compiler
         ^
conftest.c:59:15: error: expected '=', ',', ';', 'asm' or '__attribute__' before 'universal'
         not a universal capable compiler
               ^
conftest.c:59:15: error: unknown type name 'universal'
configure:16674: $? = 1
configure: failed program was:
| /* confdefs.h */
| #define PACKAGE_NAME "library"
| #define PACKAGE_TARNAME "library"
| #define PACKAGE_VERSION "1.0"
| #define PACKAGE_STRING "library 1.0"
| #define PACKAGE_BUGREPORT "support@itibia.com"
| #define PACKAGE_URL ""
| #define PACKAGE "library"
| #define VERSION "1.0"
| #define STDC_HEADERS 1
| #define HAVE_SYS_TYPES_H 1
| #define HAVE_SYS_STAT_H 1
| #define HAVE_STDLIB_H 1
| #define HAVE_STRING_H 1
| #define HAVE_MEMORY_H 1
| #define HAVE_STRINGS_H 1
| #define HAVE_INTTYPES_H 1
| #define HAVE_STDINT_H 1
| #define HAVE_UNISTD_H 1
| #define HAVE_DLFCN_H 1
| #define LT_OBJDIR ".libs/"
| #define HAVE_DIRENT_H 1
| #define STDC_HEADERS 1
| #define HAVE_SYS_WAIT_H 1
| #define HAVE_ARPA_INET_H 1
| #define HAVE_FCNTL_H 1
| #define HAVE_INTTYPES_H 1
| #define HAVE_MALLOC_H 1
| #define HAVE_NETDB_H 1
| #define HAVE_NETINET_IN_H 1
| #define HAVE_STDINT_H 1
| #define HAVE_STDLIB_H 1
| #define HAVE_STRING_H 1
| #define HAVE_STRINGS_H 1
| #define HAVE_SYS_IOCTL_H 1
| #define HAVE_SYS_SOCKET_H 1
| #define HAVE_SYS_TIME_H 1
| #define HAVE_SYSLOG_H 1
| #define HAVE_UNISTD_H 1
| #define HAVE__BOOL 1
| #define HAVE_STDBOOL_H 1
| #define HAVE_ALLOCA_H 1
| #define HAVE_ALLOCA 1
| #define HAVE_UNISTD_H 1
| #define HAVE_CHOWN 1
| #define HAVE_FORK 1
| #define HAVE_VFORK 1
| #define HAVE_WORKING_VFORK 1
| #define HAVE_WORKING_FORK 1
| #define HAVE_SYS_SELECT_H 1
| #define HAVE_SYS_SOCKET_H 1
| #define SELECT_TYPE_ARG1 int
| #define SELECT_TYPE_ARG234 (fd_set *)
| #define SELECT_TYPE_ARG5 (struct timeval *)
| #define RETSIGTYPE void
| #define HAVE_STRFTIME 1
| /* end confdefs.h.  */
| #ifndef __APPLE_CC__
| 	       not a universal capable compiler
| 	     #endif
| 	     typedef int dummy;
| 
configure:16719: gcc -c -g -O2  conftest.c >&5
configure:16719: $? = 0
configure:16737: gcc -c -g -O2  conftest.c >&5
conftest.c: In function 'main':
conftest.c:65:4: error: unknown type name 'not'
    not big endian
    ^
conftest.c:65:12: error: expected '=', ',', ';', 'asm' or '__attribute__' before 'endian'
    not big endian
            ^
configure:16737: $? = 1
configure: failed program was:
| /* confdefs.h */
| #define PACKAGE_NAME "library"
| #define PACKAGE_TARNAME "library"
| #define PACKAGE_VERSION "1.0"
| #define PACKAGE_STRING "library 1.0"
| #define PACKAGE_BUGREPORT "support@itibia.com"
| #define PACKAGE_URL ""
| #define PACKAGE "library"
| #define VERSION "1.0"
| #define STDC_HEADERS 1
| #define HAVE_SYS_TYPES_H 1
| #define HAVE_SYS_STAT_H 1
| #define HAVE_STDLIB_H 1
| #define HAVE_STRING_H 1
| #define HAVE_MEMORY_H 1
| #define HAVE_STRINGS_H 1
| #define HAVE_INTTYPES_H 1
| #define HAVE_STDINT_H 1
| #define HAVE_UNISTD_H 1
| #define HAVE_DLFCN_H 1
| #define LT_OBJDIR ".libs/"
| #define HAVE_DIRENT_H 1
| #define STDC_HEADERS 1
| #define HAVE_SYS_WAIT_H 1
| #define HAVE_ARPA_INET_H 1
| #define HAVE_FCNTL_H 1
| #define HAVE_INTTYPES_H 1
| #define HAVE_MALLOC_H 1
| #define HAVE_NETDB_H 1
| #define HAVE_NETINET_IN_H 1
| #define HAVE_STDINT_H 1
| #define HAVE_STDLIB_H 1
| #define HAVE_STRING_H 1
| #define HAVE_STRINGS_H 1
| #define HAVE_SYS_IOCTL_H 1
| #define HAVE_SYS_SOCKET_H 1
| #define HAVE_SYS_TIME_H 1
| #define HAVE_SYSLOG_H 1
| #define HAVE_UNISTD_H 1
| #define HAVE__BOOL 1
| #define HAVE_STDBOOL_H 1
| #define HAVE_ALLOCA_H 1
| #define HAVE_ALLOCA 1
| #define HAVE_UNISTD_H 1
| #define HAVE_CHOWN 1
| #define HAVE_FORK 1
| #define HAVE_VFORK 1
| #define HAVE_WORKING_VFORK 1
| #define HAVE_WORKING_FORK 1
| #define HAVE_SYS_SELECT_H 1
| #define HAVE_SYS_SOCKET_H 1
| #define SELECT_TYPE_ARG1 int
| #define SELECT_TYPE_ARG234 (fd_set *)
| #define SELECT_TYPE_ARG5 (struct timeval *)
| #define RETSIGTYPE void
| #define HAVE_STRFTIME 1
| /* end confdefs.h.  */
| #include <sys/types.h>
| 		#include <sys/param.h>
| 
| int
| main ()
| {
| #if BYTE_ORDER != BIG_ENDIAN
| 		 not big endian
| 		#endif
| 
|   ;
|   return 0;
| }
configure:16865: result: no
configure:16888: checking size of int
configure:16893: gcc -o conftest -g -O2   conftest.c  >&5
configure:16893: $? = 0
configure:16893: ./conftest
configure:16893: $? = 0
configure:16907: result: 4
configure:16921: checking size of short
configure:16926: gcc -o conftest -g -O2   conftest.c  >&5
configure:16926: $? = 0
configure:16926: ./conftest
configure:16926: $? = 0
configure:16940: result: 2
configure:16954: checking size of long
configure:16959: gcc -o conftest -g -O2   conftest.c  >&5
configure:16959: $? = 0
configure:16959: ./conftest
configure:16959: $? = 0
configure:16973: result: 4
configure:16987: checking size of float
configure:16992: gcc -o conftest -g -O2   conftest.c  >&5
configure:16992: $? = 0
configure:16992: ./conftest
configure:16992: $? = 0
configure:17006: result: 4
configure:17020: checking size of double
configure:17025: gcc -o conftest -g -O2   conftest.c  >&5
configure:17025: $? = 0
configure:17025: ./conftest
configure:17025: $? = 0
configure:17039: result: 8
configure:17050: checking for pid_t
configure:17050: result: yes
configure:17061: checking for size_t
configure:17061: result: yes
configure:17076: checking for alarm
configure:17076: gcc -o conftest -g -O2   conftest.c  >&5
configure:17076: $? = 0
configure:17076: result: yes
configure:17076: checking for bzero
configure:17076: gcc -o conftest -g -O2   conftest.c  >&5
conftest.c:87:6: warning: conflicting types for built-in function 'bzero' [enabled by default]
 char bzero ();
      ^
configure:17076: $? = 0
configure:17076: result: yes
configure:17076: checking for endgrent
configure:17076: gcc -o conftest -g -O2   conftest.c  >&5
configure:17076: $? = 0
configure:17076: result: yes
configure:17076: checking for endpwent
configure:17076: gcc -o conftest -g -O2   conftest.c  >&5
configure:17076: $? = 0
configure:17076: result: yes
configure:17076: checking for getcwd
configure:17076: gcc -o conftest -g -O2   conftest.c  >&5
configure:17076: $? = 0
configure:17076: result: yes
configure:17076: checking for gethostbyname
configure:17076: gcc -o conftest -g -O2   conftest.c  >&5
configure:17076: $? = 0
configure:17076: result: yes
configure:17076: checking for inet_ntoa
configure:17076: gcc -o conftest -g -O2   conftest.c  >&5
configure:17076: $? = 0
configure:17076: result: yes
configure:17076: checking for isascii
configure:17076: gcc -o conftest -g -O2   conftest.c  >&5
conftest.c:93:6: warning: conflicting types for built-in function 'isascii' [enabled by default]
 char isascii ();
      ^
configure:17076: $? = 0
configure:17076: result: yes
configure:17076: checking for localtime_r
configure:17076: gcc -o conftest -g -O2   conftest.c  >&5
configure:17076: $? = 0
configure:17076: result: yes
configure:17076: checking for memmove
configure:17076: gcc -o conftest -g -O2   conftest.c  >&5
conftest.c:95:6: warning: conflicting types for built-in function 'memmove' [enabled by default]
 char memmove ();
      ^
configure:17076: $? = 0
configure:17076: result: yes
configure:17076: checking for memset
configure:17076: gcc -o conftest -g -O2   conftest.c  >&5
conftest.c:96:6: warning: conflicting types for built-in function 'memset' [enabled by default]
 char memset ();
      ^
configure:17076: $? = 0
configure:17076: result: yes
configure:17076: checking for mkdir
configure:17076: gcc -o conftest -g -O2   conftest.c  >&5
configure:17076: $? = 0
configure:17076: result: yes
configure:17076: checking for regcomp
configure:17076: gcc -o conftest -g -O2   conftest.c  >&5
configure:17076: $? = 0
configure:17076: result: yes
configure:17076: checking for select
configure:17076: gcc -o conftest -g -O2   conftest.c  >&5
configure:17076: $? = 0
configure:17076: result: yes
configure:17076: checking for socket
configure:17076: gcc -o conftest -g -O2   conftest.c  >&5
configure:17076: $? = 0
configure:17076: result: yes
configure:17076: checking for strcasecmp
configure:17076: gcc -o conftest -g -O2   conftest.c  >&5
conftest.c:101:6: warning: conflicting types for built-in function 'strcasecmp' [enabled by default]
 char strcasecmp ();
      ^
configure:17076: $? = 0
configure:17076: result: yes
configure:17076: checking for strchr
configure:17076: gcc -o conftest -g -O2   conftest.c  >&5
conftest.c:102:6: warning: conflicting types for built-in function 'strchr' [enabled by default]
 char strchr ();
      ^
configure:17076: $? = 0
configure:17076: result: yes
configure:17076: checking for strcspn
configure:17076: gcc -o conftest -g -O2   conftest.c  >&5
conftest.c:103:6: warning: conflicting types for built-in function 'strcspn' [enabled by default]
 char strcspn ();
      ^
configure:17076: $? = 0
configure:17076: result: yes
configure:17076: checking for strdup
configure:17076: gcc -o conftest -g -O2   conftest.c  >&5
conftest.c:104:6: warning: conflicting types for built-in function 'strdup' [enabled by default]
 char strdup ();
      ^
configure:17076: $? = 0
configure:17076: result: yes
configure:17076: checking for strerror
configure:17076: gcc -o conftest -g -O2   conftest.c  >&5
configure:17076: $? = 0
configure:17076: result: yes
configure:17076: checking for strncasecmp
configure:17076: gcc -o conftest -g -O2   conftest.c  >&5
conftest.c:106:6: warning: conflicting types for built-in function 'strncasecmp' [enabled by default]
 char strncasecmp ();
      ^
configure:17076: $? = 0
configure:17076: result: yes
configure:17076: checking for strrchr
configure:17076: gcc -o conftest -g -O2   conftest.c  >&5
conftest.c:107:6: warning: conflicting types for built-in function 'strrchr' [enabled by default]
 char strrchr ();
      ^
configure:17076: $? = 0
configure:17076: result: yes
configure:17076: checking for strspn
configure:17076: gcc -o conftest -g -O2   conftest.c  >&5
conftest.c:108:6: warning: conflicting types for built-in function 'strspn' [enabled by default]
 char strspn ();
      ^
configure:17076: $? = 0
configure:17076: result: yes
configure:17076: checking for strstr
configure:17076: gcc -o conftest -g -O2   conftest.c  >&5
conftest.c:109:6: warning: conflicting types for built-in function 'strstr' [enabled by default]
 char strstr ();
      ^
configure:17076: $? = 0
configure:17076: result: yes
configure:17336: creating ./config.status

## ---------------------- ##
## Running config.status. ##
## ---------------------- ##

This file was extended by library config.status 1.0, which was
generated by GNU Autoconf 2.69.  Invocation command line was

  CONFIG_FILES    = 
  CONFIG_HEADERS  = 
  CONFIG_LINKS    = 
  CONFIG_COMMANDS = 
  $ ./config.status 

on xueqian-VirtualBox

config.status:1223: creating Makefile
config.status:1223: creating libpool/src/Makefile
config.status:1223: creating libxmlet/src/Makefile
config.status:1223: creating libcwmp/src/Makefile
config.status:1223: creating cwmpd/src/Makefile
config.status:1223: creating config.h
config.status:1404: config.h is unchanged
config.status:1452: executing depfiles commands
config.status:1452: executing libtool commands

## ---------------- ##
## Cache variables. ##
## ---------------- ##

ac_cv_build=i686-pc-linux-gnu
ac_cv_c_bigendian=no
ac_cv_c_compiler_gnu=yes
ac_cv_c_const=yes
ac_cv_c_inline=inline
ac_cv_cxx_compiler_gnu=yes
ac_cv_env_CCC_set=
ac_cv_env_CCC_value=
ac_cv_env_CC_set=set
ac_cv_env_CC_value=gcc
ac_cv_env_CFLAGS_set=
ac_cv_env_CFLAGS_value=
ac_cv_env_CPPFLAGS_set=
ac_cv_env_CPPFLAGS_value=
ac_cv_env_CPP_set=set
ac_cv_env_CPP_value=cpp
ac_cv_env_CXXCPP_set=
ac_cv_env_CXXCPP_value=
ac_cv_env_CXXFLAGS_set=
ac_cv_env_CXXFLAGS_value=
ac_cv_env_CXX_set=
ac_cv_env_CXX_value=
ac_cv_env_LDFLAGS_set=
ac_cv_env_LDFLAGS_value=
ac_cv_env_LIBS_set=
ac_cv_env_LIBS_value=
ac_cv_env_build_alias_set=set
ac_cv_env_build_alias_value=i686-pc-linux-gnu
ac_cv_env_host_alias_set=
ac_cv_env_host_alias_value=
ac_cv_env_target_alias_set=
ac_cv_env_target_alias_value=
ac_cv_func_alarm=yes
ac_cv_func_alloca_works=yes
ac_cv_func_bzero=yes
ac_cv_func_chown_works=yes
ac_cv_func_closedir_void=no
ac_cv_func_endgrent=yes
ac_cv_func_endpwent=yes
ac_cv_func_fork=yes
ac_cv_func_fork_works=yes
ac_cv_func_getcwd=yes
ac_cv_func_gethostbyname=yes
ac_cv_func_inet_ntoa=yes
ac_cv_func_isascii=yes
ac_cv_func_localtime_r=yes
ac_cv_func_lstat_dereferences_slashed_symlink=no
ac_cv_func_memmove=yes
ac_cv_func_memset=yes
ac_cv_func_mkdir=yes
ac_cv_func_regcomp=yes
ac_cv_func_select=yes
ac_cv_func_select_args='int,fd_set *,struct timeval *'
ac_cv_func_socket=yes
ac_cv_func_stat_empty_string_bug=no
ac_cv_func_strcasecmp=yes
ac_cv_func_strchr=yes
ac_cv_func_strcspn=yes
ac_cv_func_strdup=yes
ac_cv_func_strerror=yes
ac_cv_func_strftime=yes
ac_cv_func_strncasecmp=yes
ac_cv_func_strrchr=yes
ac_cv_func_strspn=yes
ac_cv_func_strstr=yes
ac_cv_func_vfork=yes
ac_cv_func_vfork_works=yes
ac_cv_header_arpa_inet_h=yes
ac_cv_header_dirent_dirent_h=yes
ac_cv_header_dlfcn_h=yes
ac_cv_header_fcntl_h=yes
ac_cv_header_inttypes_h=yes
ac_cv_header_malloc_h=yes
ac_cv_header_memory_h=yes
ac_cv_header_netdb_h=yes
ac_cv_header_netinet_in_h=yes
ac_cv_header_stdbool_h=yes
ac_cv_header_stdc=yes
ac_cv_header_stdint_h=yes
ac_cv_header_stdlib_h=yes
ac_cv_header_string_h=yes
ac_cv_header_strings_h=yes
ac_cv_header_sys_ioctl_h=yes
ac_cv_header_sys_select_h=yes
ac_cv_header_sys_socket_h=yes
ac_cv_header_sys_stat_h=yes
ac_cv_header_sys_time_h=yes
ac_cv_header_sys_types_h=yes
ac_cv_header_sys_wait_h=yes
ac_cv_header_syslog_h=yes
ac_cv_header_unistd_h=yes
ac_cv_header_vfork_h=no
ac_cv_host=i686-pc-linux-gnu
ac_cv_objext=o
ac_cv_path_EGREP='/bin/grep -E'
ac_cv_path_FGREP='/bin/grep -F'
ac_cv_path_GREP=/bin/grep
ac_cv_path_SED=/bin/sed
ac_cv_path_install='/usr/bin/install -c'
ac_cv_path_mkdir=/bin/mkdir
ac_cv_prog_AWK=gawk
ac_cv_prog_CPP=cpp
ac_cv_prog_CXXCPP='g++ -E'
ac_cv_prog_ac_ct_CXX=g++
ac_cv_prog_ac_ct_MANIFEST_TOOL=mt
ac_cv_prog_ac_ct_OBJDUMP=objdump
ac_cv_prog_ac_ct_RANLIB=ranlib
ac_cv_prog_ac_ct_STRIP=strip
ac_cv_prog_cc_c89=
ac_cv_prog_cc_g=yes
ac_cv_prog_cxx_g=yes
ac_cv_prog_gcc_traditional=no
ac_cv_prog_make_make_set=yes
ac_cv_search_opendir='none required'
ac_cv_sizeof_double=8
ac_cv_sizeof_float=4
ac_cv_sizeof_int=4
ac_cv_sizeof_long=4
ac_cv_sizeof_short=2
ac_cv_struct_tm=time.h
ac_cv_type__Bool=yes
ac_cv_type_pid_t=yes
ac_cv_type_signal=void
ac_cv_type_size_t=yes
ac_cv_type_uid_t=yes
ac_cv_working_alloca_h=yes
am_cv_CC_dependencies_compiler_type=gcc3
am_cv_CXX_dependencies_compiler_type=gcc3
lt_cv_ar_at_file=@
lt_cv_archive_cmds_need_lc=no
lt_cv_deplibs_check_method=pass_all
lt_cv_file_magic_cmd='$MAGIC_CMD'
lt_cv_file_magic_test_file=
lt_cv_ld_reload_flag=-r
lt_cv_nm_interface='BSD nm'
lt_cv_objdir=.libs
lt_cv_path_LD=ld
lt_cv_path_LDCXX=ld
lt_cv_path_NM='/usr/bin/nm -B'
lt_cv_path_mainfest_tool=no
lt_cv_prog_compiler_c_o=yes
lt_cv_prog_compiler_c_o_CXX=yes
lt_cv_prog_compiler_pic='-fPIC -DPIC'
lt_cv_prog_compiler_pic_CXX='-fPIC -DPIC'
lt_cv_prog_compiler_pic_works=yes
lt_cv_prog_compiler_pic_works_CXX=yes
lt_cv_prog_compiler_rtti_exceptions=no
lt_cv_prog_compiler_static_works=yes
lt_cv_prog_compiler_static_works_CXX=yes
lt_cv_prog_gnu_ld=yes
lt_cv_prog_gnu_ldcxx=yes
lt_cv_sharedlib_from_linklib_cmd='printf %s\n'
lt_cv_shlibpath_overrides_runpath=no
lt_cv_sys_global_symbol_pipe='sed -n -e '\''s/^.*[	 ]\([ABCDGIRSTW][ABCDGIRSTW]*\)[	 ][	 ]*\([_A-Za-z][_A-Za-z0-9]*\)$/\1 \2 \2/p'\'' | sed '\''/ __gnu_lto/d'\'''
lt_cv_sys_global_symbol_to_c_name_address='sed -n -e '\''s/^: \([^ ]*\)[ ]*$/  {\"\1\", (void *) 0},/p'\'' -e '\''s/^[ABCDGIRSTW]* \([^ ]*\) \([^ ]*\)$/  {"\2", (void *) \&\2},/p'\'''
lt_cv_sys_global_symbol_to_c_name_address_lib_prefix='sed -n -e '\''s/^: \([^ ]*\)[ ]*$/  {\"\1\", (void *) 0},/p'\'' -e '\''s/^[ABCDGIRSTW]* \([^ ]*\) \(lib[^ ]*\)$/  {"\2", (void *) \&\2},/p'\'' -e '\''s/^[ABCDGIRSTW]* \([^ ]*\) \([^ ]*\)$/  {"lib\2", (void *) \&\2},/p'\'''
lt_cv_sys_global_symbol_to_cdecl='sed -n -e '\''s/^T .* \(.*\)$/extern int \1();/p'\'' -e '\''s/^[ABCDGIRSTW]* .* \(.*\)$/extern char \1;/p'\'''
lt_cv_sys_max_cmd_len=1572864
lt_cv_to_host_file_cmd=func_convert_file_noop
lt_cv_to_tool_file_cmd=func_convert_file_noop

## ----------------- ##
## Output variables. ##
## ----------------- ##

ACLOCAL='${SHELL} /home/xueqian/ubuntushare/git_branch/lterouter/netcwmp/build/missing --run aclocal-1.11'
ALLOCA=''
AMDEPBACKSLASH='\'
AMDEP_FALSE='#'
AMDEP_TRUE=''
AMTAR='$${TAR-tar}'
AR='ar'
AUTOCONF='${SHELL} /home/xueqian/ubuntushare/git_branch/lterouter/netcwmp/build/missing --run autoconf'
AUTOHEADER='${SHELL} /home/xueqian/ubuntushare/git_branch/lterouter/netcwmp/build/missing --run autoheader'
AUTOMAKE='${SHELL} /home/xueqian/ubuntushare/git_branch/lterouter/netcwmp/build/missing --run automake-1.11'
AWK='gawk'
BUILD_CPU='i686'
BUILD_OS='linux-gnu'
BUILD_VENDOR='pc'
CC='gcc'
CCDEPMODE='depmode=gcc3'
CFLAGS='-Wall -g '
COMPILE_FOR_MIPS_FALSE=''
COMPILE_FOR_MIPS_TRUE='#'
CPP='cpp'
CPPFLAGS='-D_GNU_SOURCE -Wall -g'
CXX='g++'
CXXCPP='g++ -E'
CXXDEPMODE='depmode=gcc3'
CXXFLAGS='-g -O2'
CYGPATH_W='echo'
DEFS='-DHAVE_CONFIG_H'
DEPDIR='.deps'
DLLTOOL='false'
DSYMUTIL=''
DUMPBIN=''
ECHO_C=''
ECHO_N='-n'
ECHO_T=''
EGREP='/bin/grep -E'
EXEEXT=''
FGREP='/bin/grep -F'
GREP='/bin/grep'
HOST_CPU='i686'
HOST_OS='linux-gnu'
HOST_VENDOR='pc'
INSTALL_DATA='${INSTALL} -m 644'
INSTALL_PROGRAM='${INSTALL}'
INSTALL_SCRIPT='${INSTALL}'
INSTALL_STRIP_PROGRAM='$(install_sh) -c -s'
LD='ld'
LDFLAGS=''
LIBOBJS=' ${LIBOBJDIR}lstat$U.o'
LIBS=''
LIBTOOL='$(SHELL) $(top_builddir)/libtool'
LIPO=''
LN_S='cp -pR'
LTLIBOBJS=' ${LIBOBJDIR}lstat$U.lo'
MAKEINFO='${SHELL} /home/xueqian/ubuntushare/git_branch/lterouter/netcwmp/build/missing --run makeinfo'
MANIFEST_TOOL=':'
MKDIR_P='/bin/mkdir -p'
NM='/usr/bin/nm -B'
NMEDIT=''
OBJDUMP='objdump'
OBJEXT='o'
OPENSSL_DIR='no'
OTOOL64=''
OTOOL=''
PACKAGE='library'
PACKAGE_BUGREPORT='support@itibia.com'
PACKAGE_NAME='library'
PACKAGE_STRING='library 1.0'
PACKAGE_TARNAME='library'
PACKAGE_URL=''
PACKAGE_VERSION='1.0'
PATH_SEPARATOR=':'
RANLIB='ranlib'
SED='/bin/sed'
SET_MAKE=''
SHELL='/bin/sh'
STRIP='strip'
VERSION='1.0'
ac_ct_AR=''
ac_ct_CC=''
ac_ct_CXX='g++'
ac_ct_DUMPBIN=''
am__EXEEXT_FALSE=''
am__EXEEXT_TRUE='#'
am__fastdepCC_FALSE='#'
am__fastdepCC_TRUE=''
am__fastdepCXX_FALSE='#'
am__fastdepCXX_TRUE=''
am__include='include'
am__isrc=''
am__leading_dot='.'
am__nodep='_no'
am__quote=''
am__tar='$${TAR-tar} chof - "$$tardir"'
am__untar='$${TAR-tar} xf -'
bindir='${exec_prefix}/bin'
build='i686-pc-linux-gnu'
build_alias='i686-pc-linux-gnu'
build_cpu='i686'
build_os='linux-gnu'
build_vendor='pc'
datadir='${datarootdir}'
datarootdir='${prefix}/share'
docdir='${datarootdir}/doc/${PACKAGE_TARNAME}'
dvidir='${docdir}'
exec_prefix='${prefix}'
host='i686-pc-linux-gnu'
host_alias=''
host_cpu='i686'
host_os='linux-gnu'
host_vendor='pc'
htmldir='${docdir}'
includedir='${prefix}/include'
infodir='${datarootdir}/info'
install_sh='${SHELL} /home/xueqian/ubuntushare/git_branch/lterouter/netcwmp/build/install-sh'
libdir='${exec_prefix}/lib'
libexecdir='${exec_prefix}/libexec'
localedir='${datarootdir}/locale'
localstatedir='${prefix}/var'
mandir='${datarootdir}/man'
mkdir_p='/bin/mkdir -p'
oldincludedir='/usr/include'
pdfdir='${docdir}'
prefix='/home/xueqian/opt/cwmp'
program_transform_name='s,x,x,'
psdir='${docdir}'
sbindir='${exec_prefix}/sbin'
sharedstatedir='${prefix}/com'
sysconfdir='${prefix}/etc'
target_alias=''

## ----------- ##
## confdefs.h. ##
## ----------- ##

/* confdefs.h */
#define PACKAGE_NAME "library"
#define PACKAGE_TARNAME "library"
#define PACKAGE_VERSION "1.0"
#define PACKAGE_STRING "library 1.0"
#define PACKAGE_BUGREPORT "support@itibia.com"
#define PACKAGE_URL ""
#define PACKAGE "library"
#define VERSION "1.0"
#define STDC_HEADERS 1
#define HAVE_SYS_TYPES_H 1
#define HAVE_SYS_STAT_H 1
#define HAVE_STDLIB_H 1
#define HAVE_STRING_H 1
#define HAVE_MEMORY_H 1
#define HAVE_STRINGS_H 1
#define HAVE_INTTYPES_H 1
#define HAVE_STDINT_H 1
#define HAVE_UNISTD_H 1
#define HAVE_DLFCN_H 1
#define LT_OBJDIR ".libs/"
#define HAVE_DIRENT_H 1
#define STDC_HEADERS 1
#define HAVE_SYS_WAIT_H 1
#define HAVE_ARPA_INET_H 1
#define HAVE_FCNTL_H 1
#define HAVE_INTTYPES_H 1
#define HAVE_MALLOC_H 1
#define HAVE_NETDB_H 1
#define HAVE_NETINET_IN_H 1
#define HAVE_STDINT_H 1
#define HAVE_STDLIB_H 1
#define HAVE_STRING_H 1
#define HAVE_STRINGS_H 1
#define HAVE_SYS_IOCTL_H 1
#define HAVE_SYS_SOCKET_H 1
#define HAVE_SYS_TIME_H 1
#define HAVE_SYSLOG_H 1
#define HAVE_UNISTD_H 1
#define HAVE__BOOL 1
#define HAVE_STDBOOL_H 1
#define HAVE_ALLOCA_H 1
#define HAVE_ALLOCA 1
#define HAVE_UNISTD_H 1
#define HAVE_CHOWN 1
#define HAVE_FORK 1
#define HAVE_VFORK 1
#define HAVE_WORKING_VFORK 1
#define HAVE_WORKING_FORK 1
#define HAVE_SYS_SELECT_H 1
#define HAVE_SYS_SOCKET_H 1
#define SELECT_TYPE_ARG1 int
#define SELECT_TYPE_ARG234 (fd_set *)
#define SELECT_TYPE_ARG5 (struct timeval *)
#define RETSIGTYPE void
#define HAVE_STRFTIME 1
#define SIZEOF_INT 4
#define SIZEOF_SHORT 2
#define SIZEOF_LONG 4
#define SIZEOF_FLOAT 4
#define SIZEOF_DOUBLE 8
#define HAVE_ALARM 1
#define HAVE_BZERO 1
#define HAVE_ENDGRENT 1
#define HAVE_ENDPWENT 1
#define HAVE_GETCWD 1
#define HAVE_GETHOSTBYNAME 1
#define HAVE_INET_NTOA 1
#define HAVE_ISASCII 1
#define HAVE_LOCALTIME_R 1
#define HAVE_MEMMOVE 1
#define HAVE_MEMSET 1
#define HAVE_MKDIR 1
#define HAVE_REGCOMP 1
#define HAVE_SELECT 1
#define HAVE_SOCKET 1
#define HAVE_STRCASECMP 1
#define HAVE_STRCHR 1
#define HAVE_STRCSPN 1
#define HAVE_STRDUP 1
#define HAVE_STRERROR 1
#define HAVE_STRNCASECMP 1
#define HAVE_STRRCHR 1
#define HAVE_STRSPN 1
#define HAVE_STRSTR 1
#define BUILD_CPU i686
#define BUILD_VENDOR pc
#define BUILD_OS linux-gnu
#define HOST_CPU i686
#define HOST_VENDOR pc
#define HOST_OS linux-gnu

configure: exit 0
